<?xml version="1.0" encoding="UTF-8"?>
<!-- Generated by org.testng.reporters.JUnitReportReporter -->
<testsuite skipped="0" hostname="admin-PC" name="TestCases.VerifyLogin2" tests="1" failures="0" timestamp="25 Aug 2019 14:52:34 GMT" time="44.221" errors="0">
  <testcase name="loginTest2" time="44.221" classname="TestCases.VerifyLogin2"/>
</testsuite> <!-- TestCases.VerifyLogin2 -->
