<?xml version="1.0" encoding="UTF-8"?>
<!-- Generated by org.testng.reporters.JUnitReportReporter -->
<testsuite skipped="0" hostname="admin-PC" name="TestCases.VerifyLogin" tests="1" failures="0" timestamp="25 Aug 2019 13:54:07 GMT" time="205.270" errors="0">
  <testcase name="loginTest" time="205.270" classname="TestCases.VerifyLogin"/>
</testsuite> <!-- TestCases.VerifyLogin -->
